#
# There is insufficient memory for the Java Runtime Environment to continue.
# Native memory allocation (malloc) failed to allocate 632816 bytes for Chunk::new
# Possible reasons:
#   The system is out of physical RAM or swap space
#   The process is running with CompressedOops enabled, and the Java Heap may be blocking the growth of the native heap
# Possible solutions:
#   Reduce memory load on the system
#   Increase physical memory or swap space
#   Check if swap backing store is full
#   Decrease Java heap size (-Xmx/-Xms)
#   Decrease number of Java threads
#   Decrease Java thread stack sizes (-Xss)
#   Set larger code cache with -XX:ReservedCodeCacheSize=
#   JVM is running with Unscaled Compressed Oops mode in which the Java heap is
#     placed in the first 4GB address space. The Java Heap base address is the
#     maximum limit for the native heap growth. Please use -XX:HeapBaseMinAddress
#     to set the Java Heap base and to place the Java Heap above 4GB virtual address.
# This output file may be truncated or incomplete.
#
#  Out of Memory Error (allocation.cpp:389), pid=9280, tid=0x0000000000003960
#
# JRE version: OpenJDK Runtime Environment (8.0_212-b04) (build 1.8.0_212-release-1586-b04)
# Java VM: OpenJDK 64-Bit Server VM (25.212-b04 mixed mode windows-amd64 compressed oops)
# Failed to write core dump. Minidumps are not enabled by default on client versions of Windows
#

---------------  T H R E A D  ---------------

Current thread (0x0000000015e8c800):  JavaThread "C2 CompilerThread0" daemon [_thread_in_native, id=14688, stack(0x00000000174e0000,0x00000000175e0000)]

Stack: [0x00000000174e0000,0x00000000175e0000]
[error occurred during error reporting (printing stack bounds), id 0xc0000005]

Native frames: (J=compiled Java code, j=interpreted, Vv=VM code, C=native code)


Current CompileTask:
C2:3345160 12047       4       com.sun.tools.javac.file.ZipFileIndex$ZipDirectory::readEntry (587 bytes)


---------------  P R O C E S S  ---------------

Java Threads: ( => current thread )
  0x000000001eba9800 JavaThread "Cache worker for Java compile cache (C:\Users\Niyati Patel\AndroidStudioProjects\Textile\.gradle\5.6.4\javaCompile)" [_thread_blocked, id=11308, stack(0x0000000025bf0000,0x0000000025cf0000)]
  0x000000001eba0000 JavaThread "Cache worker for Java compile cache (C:\Users\Niyati Patel\.gradle\caches\5.6.4\javaCompile)" [_thread_blocked, id=17740, stack(0x0000000025af0000,0x0000000025bf0000)]
  0x000000001eba2000 JavaThread "WorkerExecutor Queue Thread 2" [_thread_blocked, id=18340, stack(0x00000000257f0000,0x00000000258f0000)]
  0x000000001ebaf000 JavaThread "stdout" [_thread_in_native, id=3092, stack(0x00000000256f0000,0x00000000257f0000)]
  0x000000001eba3000 JavaThread "stderr" [_thread_in_native, id=2044, stack(0x00000000255f0000,0x00000000256f0000)]
  0x000000001eba7800 JavaThread "pool-4-thread-1" [_thread_blocked, id=26288, stack(0x00000000254f0000,0x00000000255f0000)]
  0x000000001eba9000 JavaThread "WorkerExecutor Queue" [_thread_blocked, id=6976, stack(0x00000000253f0000,0x00000000254f0000)]
  0x000000001eba6000 JavaThread "Cache worker for execution history cache (C:\Users\Niyati Patel\AndroidStudioProjects\Textile\.gradle\5.6.4\executionHistory)" [_thread_blocked, id=18628, stack(0x00000000250f0000,0x00000000251f0000)]
  0x000000001eba5000 JavaThread "Execution worker for ':' Thread 3" [_thread_blocked, id=16832, stack(0x0000000024ff0000,0x00000000250f0000)]
  0x000000001eba3800 JavaThread "Execution worker for ':' Thread 2" [_thread_blocked, id=22888, stack(0x00000000220f0000,0x00000000221f0000)]
  0x000000001eba1800 JavaThread "Execution worker for ':'" [_thread_blocked, id=27244, stack(0x00000000212f0000,0x00000000213f0000)]
  0x000000001eba4800 JavaThread "Cache worker for file content cache (C:\Users\Niyati Patel\AndroidStudioProjects\Textile\.gradle\5.6.4\fileContent)" [_thread_blocked, id=25056, stack(0x0000000020ff0000,0x00000000210f0000)]
  0x000000001eba6800 JavaThread "Cache worker for file content cache (C:\Users\Niyati Patel\.gradle\caches\5.6.4\fileContent)" [_thread_blocked, id=22968, stack(0x0000000020ef0000,0x0000000020ff0000)]
  0x00000000180c6000 JavaThread "Cache worker for Build Output Cleanup Cache (C:\Users\Niyati Patel\AndroidStudioProjects\Textile\.gradle\buildOutputCleanup)" [_thread_blocked, id=27284, stack(0x0000000020df0000,0x0000000020ef0000)]
  0x000000001d9b6000 JavaThread "pool-3-thread-1" [_thread_blocked, id=21492, stack(0x00000000208f0000,0x00000000209f0000)]
  0x000000001d9b5800 JavaThread "Build operations Thread 4" [_thread_blocked, id=25532, stack(0x00000000207f0000,0x00000000208f0000)]
  0x000000001d9b4800 JavaThread "Build operations Thread 3" [_thread_blocked, id=25220, stack(0x00000000206f0000,0x00000000207f0000)]
  0x000000001d9ba000 JavaThread "Build operations Thread 2" [_thread_blocked, id=22284, stack(0x00000000201e0000,0x00000000202e0000)]
  0x000000001d9b9000 JavaThread "Build operations" [_thread_blocked, id=26560, stack(0x000000001f9e0000,0x000000001fae0000)]
  0x000000001d9bb800 JavaThread "Cache worker for cache directory md-rule (C:\Users\Niyati Patel\.gradle\caches\5.6.4\md-rule)" [_thread_blocked, id=21972, stack(0x000000001f8e0000,0x000000001f9e0000)]
  0x000000001d9b7800 JavaThread "Cache worker for cache directory md-supplier (C:\Users\Niyati Patel\.gradle\caches\5.6.4\md-supplier)" [_thread_blocked, id=23800, stack(0x000000001dfa0000,0x000000001e0a0000)]
  0x000000001d9ba800 JavaThread "Cache worker for file hash cache (C:\Users\Niyati Patel\AndroidStudioProjects\Textile\.gradle\5.6.4\fileHashes)" [_thread_blocked, id=26992, stack(0x000000001b700000,0x000000001b800000)]
  0x000000001d9b8800 JavaThread "Thread-28" [_thread_blocked, id=26232, stack(0x000000001b400000,0x000000001b500000)]
  0x000000001d9b3000 JavaThread "Asynchronous log dispatcher for DefaultDaemonConnection: socket connection from /127.0.0.1:50618 to /127.0.0.1:52326" [_thread_blocked, id=12544, stack(0x000000001b000000,0x000000001b100000)]
  0x000000001d9b0000 JavaThread "Daemon worker Thread 2" [_thread_in_Java, id=15660, stack(0x000000001af00000,0x000000001b000000)]
  0x000000001d9ad000 JavaThread "Cancel handler" [_thread_blocked, id=6064, stack(0x0000000000800000,0x0000000000900000)]
  0x000000001d9ae800 JavaThread "Handler for socket connection from /127.0.0.1:50618 to /127.0.0.1:52326" [_thread_in_native, id=18980, stack(0x0000000000700000,0x0000000000800000)]
  0x000000001d9ae000 JavaThread "Daemon Thread 2" [_thread_blocked, id=18884, stack(0x0000000000600000,0x0000000000700000)]
  0x000000001d9af800 JavaThread "Memory manager" [_thread_blocked, id=19216, stack(0x0000000021df0000,0x0000000021ef0000)]
  0x000000001d9b1000 JavaThread "Cache worker for execution history cache (C:\Users\Niyati Patel\.gradle\caches\5.6.4\executionHistory)" [_thread_blocked, id=19788, stack(0x000000001fae0000,0x000000001fbe0000)]
  0x00000000180c5000 JavaThread "Cache worker for journal cache (C:\Users\Niyati Patel\.gradle\caches\journal-1)" [_thread_blocked, id=24720, stack(0x000000001bc00000,0x000000001bd00000)]
  0x00000000180c9800 JavaThread "File lock request listener" [_thread_in_native, id=8084, stack(0x000000001bb00000,0x000000001bc00000)]
  0x00000000180c9000 JavaThread "Cache worker for file hash cache (C:\Users\Niyati Patel\.gradle\caches\5.6.4\fileHashes)" [_thread_blocked, id=27444, stack(0x000000001ba00000,0x000000001bb00000)]
  0x00000000187f6800 JavaThread "Daemon periodic checks" [_thread_blocked, id=12004, stack(0x000000001ae00000,0x000000001af00000)]
  0x0000000018aba000 JavaThread "Incoming local TCP Connector on port 50618" [_thread_in_native, id=10744, stack(0x000000001abc0000,0x000000001acc0000)]
  0x00000000196a7000 JavaThread "Daemon health stats" [_thread_blocked, id=6456, stack(0x000000001a580000,0x000000001a680000)]
  0x000000001780b800 JavaThread "Service Thread" daemon [_thread_blocked, id=23560, stack(0x0000000017be0000,0x0000000017ce0000)]
  0x0000000015e99000 JavaThread "C1 CompilerThread2" daemon [_thread_in_native, id=5964, stack(0x00000000176e0000,0x00000000177e0000)]
  0x0000000015e91800 JavaThread "C2 CompilerThread1" daemon [_thread_in_native, id=1248, stack(0x00000000175e0000,0x00000000176e0000)]
=>0x0000000015e8c800 JavaThread "C2 CompilerThread0" daemon [_thread_in_native, id=14688, stack(0x00000000174e0000,0x00000000175e0000)]
  0x0000000015e8b000 JavaThread "Attach Listener" daemon [_thread_blocked, id=10396, stack(0x00000000173e0000,0x00000000174e0000)]
  0x0000000015e89800 JavaThread "Signal Dispatcher" daemon [_thread_blocked, id=8092, stack(0x00000000172e0000,0x00000000173e0000)]
  0x000000000251b000 JavaThread "Finalizer" daemon [_thread_blocked, id=23792, stack(0x00000000170e0000,0x00000000171e0000)]
  0x0000000015e79000 JavaThread "Reference Handler" daemon [_thread_blocked, id=18760, stack(0x0000000016fe0000,0x00000000170e0000)]
  0x0000000000a0e800 JavaThread "main" [_thread_blocked, id=11008, stack(0x0000000002220000,0x0000000002320000)]

Other Threads:
  0x0000000015e56000 VMThread [stack: 0x0000000016ee0000,0x0000000016fe0000] [id=27308]
  0x0000000015eee800 WatcherThread [stack: 0x0000000017ce0000,0x0000000017de0000] [id=11164]

VM state:not at safepoint (normal execution)

VM Mutex/Monitor currently owned by a thread: None

heap address: 0x00000000a0000000, size: 1536 MB, Compressed Oops mode: 32-bit
Narrow klass base: 0x0000000000000000, Narrow klass shift: 3
Compressed class space size: 1073741824 Address: 0x0000000100000000

Heap:
 PSYoungGen      total 270848K, used 255333K [0x00000000e0000000, 0x00000000f2880000, 0x0000000100000000)
  eden space 247296K, 93% used [0x00000000e0000000,0x00000000ee25d040,0x00000000ef180000)
  from space 23552K, 99% used [0x00000000f1080000,0x00000000f277c4c0,0x00000000f2780000)
  to   space 28160K, 0% used [0x00000000ef180000,0x00000000ef180000,0x00000000f0d00000)
 ParOldGen       total 133632K, used 34360K [0x00000000a0000000, 0x00000000a8280000, 0x00000000e0000000)
  object space 133632K, 25% used [0x00000000a0000000,0x00000000a218e058,0x00000000a8280000)
 Metaspace       used 84562K, capacity 87952K, committed 88192K, reserved 1126400K
  class space    used 11081K, capacity 11860K, committed 11904K, reserved 1048576K

Card table byte_map: [0x00000000118e0000,0x0000000011bf0000] byte_map_base: 0x00000000113e0000

Marking Bits: (ParMarkBitMap*) 0x00000000749f9f30
 Begin Bits: [0x00000000121f0000, 0x00000000139f0000)
 End Bits:   [0x00000000139f0000, 0x00000000151f0000)

Polling page: 0x0000000000980000

CodeCache: size=245760Kb used=33959Kb max_used=33966Kb free=211800Kb
 bounds [0x0000000002520000, 0x0000000004680000, 0x0000000011520000]
 total_blobs=11373 nmethods=10503 adapters=782
 compilation: enabled

Compilation events (10 events):
Event: 3345.123 Thread 0x0000000015e99000 nmethod 12146 0x0000000004655110 code [0x0000000004655360, 0x0000000004655f88]
Event: 3345.123 Thread 0x0000000015e99000 12148       3       com.sun.tools.javac.jvm.ClassReader::sigToTypes (50 bytes)
Event: 3345.123 Thread 0x0000000015e99000 nmethod 12148 0x0000000004656710 code [0x0000000004656900, 0x0000000004657118]
Event: 3345.123 Thread 0x0000000015e99000 12145       3       com.sun.tools.javac.jvm.ClassReader::enterMember (41 bytes)
Event: 3345.124 Thread 0x0000000015e99000 nmethod 12145 0x0000000004657610 code [0x00000000046577e0, 0x0000000004657f68]
Event: 3345.124 Thread 0x0000000015e99000 12147       3       com.sun.tools.javac.jvm.ClassReader::readMemberAttrs (9 bytes)
Event: 3345.124 Thread 0x0000000015e99000 nmethod 12147 0x00000000046520d0 code [0x0000000004652240, 0x00000000046523c8]
Event: 3345.124 Thread 0x0000000015e99000 12149       3       com.sun.tools.javac.code.Symbol$ClassSymbol::flags (16 bytes)
Event: 3345.124 Thread 0x0000000015e99000 nmethod 12149 0x0000000004658310 code [0x0000000004658480, 0x0000000004658668]
Event: 3345.130 Thread 0x0000000015e91800 nmethod 12140 0x000000000465bc90 code [0x000000000465be20, 0x000000000465c788]

GC Heap History (10 events):
Event: 43.051 GC heap before
{Heap before GC invocations=11 (full 2):
 PSYoungGen      total 177664K, used 177379K [0x00000000e0000000, 0x00000000ec400000, 0x0000000100000000)
  eden space 164864K, 100% used [0x00000000e0000000,0x00000000ea100000,0x00000000ea100000)
  from space 12800K, 97% used [0x00000000eb780000,0x00000000ec3b8d50,0x00000000ec400000)
  to   space 15360K, 0% used [0x00000000ea600000,0x00000000ea600000,0x00000000eb500000)
 ParOldGen       total 102400K, used 18911K [0x00000000a0000000, 0x00000000a6400000, 0x00000000e0000000)
  object space 102400K, 18% used [0x00000000a0000000,0x00000000a1277c38,0x00000000a6400000)
 Metaspace       used 56750K, capacity 58544K, committed 58880K, reserved 1099776K
  class space    used 7643K, capacity 8093K, committed 8192K, reserved 1048576K
Event: 43.084 GC heap after
Heap after GC invocations=11 (full 2):
 PSYoungGen      total 185344K, used 15356K [0x00000000e0000000, 0x00000000ee500000, 0x0000000100000000)
  eden space 169984K, 0% used [0x00000000e0000000,0x00000000e0000000,0x00000000ea600000)
  from space 15360K, 99% used [0x00000000ea600000,0x00000000eb4ff320,0x00000000eb500000)
  to   space 22016K, 0% used [0x00000000ecf80000,0x00000000ecf80000,0x00000000ee500000)
 ParOldGen       total 102400K, used 29449K [0x00000000a0000000, 0x00000000a6400000, 0x00000000e0000000)
  object space 102400K, 28% used [0x00000000a0000000,0x00000000a1cc25d0,0x00000000a6400000)
 Metaspace       used 56750K, capacity 58544K, committed 58880K, reserved 1099776K
  class space    used 7643K, capacity 8093K, committed 8192K, reserved 1048576K
}
Event: 43.283 GC heap before
{Heap before GC invocations=12 (full 2):
 PSYoungGen      total 185344K, used 24764K [0x00000000e0000000, 0x00000000ee500000, 0x0000000100000000)
  eden space 169984K, 5% used [0x00000000e0000000,0x00000000e092fd78,0x00000000ea600000)
  from space 15360K, 99% used [0x00000000ea600000,0x00000000eb4ff320,0x00000000eb500000)
  to   space 22016K, 0% used [0x00000000ecf80000,0x00000000ecf80000,0x00000000ee500000)
 ParOldGen       total 102400K, used 29449K [0x00000000a0000000, 0x00000000a6400000, 0x00000000e0000000)
  object space 102400K, 28% used [0x00000000a0000000,0x00000000a1cc25d0,0x00000000a6400000)
 Metaspace       used 57261K, capacity 59084K, committed 59136K, reserved 1099776K
  class space    used 7727K, capacity 8171K, committed 8192K, reserved 1048576K
Event: 43.304 GC heap after
Heap after GC invocations=12 (full 2):
 PSYoungGen      total 211456K, used 15949K [0x00000000e0000000, 0x00000000f1080000, 0x0000000100000000)
  eden space 189440K, 0% used [0x00000000e0000000,0x00000000e0000000,0x00000000eb900000)
  from space 22016K, 72% used [0x00000000ecf80000,0x00000000edf13638,0x00000000ee500000)
  to   space 23040K, 0% used [0x00000000eb900000,0x00000000eb900000,0x00000000ecf80000)
 ParOldGen       total 102400K, used 29457K [0x00000000a0000000, 0x00000000a6400000, 0x00000000e0000000)
  object space 102400K, 28% used [0x00000000a0000000,0x00000000a1cc45d0,0x00000000a6400000)
 Metaspace       used 57261K, capacity 59084K, committed 59136K, reserved 1099776K
  class space    used 7727K, capacity 8171K, committed 8192K, reserved 1048576K
}
Event: 43.305 GC heap before
{Heap before GC invocations=13 (full 3):
 PSYoungGen      total 211456K, used 15949K [0x00000000e0000000, 0x00000000f1080000, 0x0000000100000000)
  eden space 189440K, 0% used [0x00000000e0000000,0x00000000e0000000,0x00000000eb900000)
  from space 22016K, 72% used [0x00000000ecf80000,0x00000000edf13638,0x00000000ee500000)
  to   space 23040K, 0% used [0x00000000eb900000,0x00000000eb900000,0x00000000ecf80000)
 ParOldGen       total 102400K, used 29457K [0x00000000a0000000, 0x00000000a6400000, 0x00000000e0000000)
  object space 102400K, 28% used [0x00000000a0000000,0x00000000a1cc45d0,0x00000000a6400000)
 Metaspace       used 57261K, capacity 59084K, committed 59136K, reserved 1099776K
  class space    used 7727K, capacity 8171K, committed 8192K, reserved 1048576K
Event: 43.620 GC heap after
Heap after GC invocations=13 (full 3):
 PSYoungGen      total 211456K, used 0K [0x00000000e0000000, 0x00000000f1080000, 0x0000000100000000)
  eden space 189440K, 0% used [0x00000000e0000000,0x00000000e0000000,0x00000000eb900000)
  from space 22016K, 0% used [0x00000000ecf80000,0x00000000ecf80000,0x00000000ee500000)
  to   space 23040K, 0% used [0x00000000eb900000,0x00000000eb900000,0x00000000ecf80000)
 ParOldGen       total 133632K, used 30567K [0x00000000a0000000, 0x00000000a8280000, 0x00000000e0000000)
  object space 133632K, 22% used [0x00000000a0000000,0x00000000a1dd9f60,0x00000000a8280000)
 Metaspace       used 57253K, capacity 59060K, committed 59136K, reserved 1099776K
  class space    used 7725K, capacity 8167K, committed 8192K, reserved 1048576K
}
Event: 50.648 GC heap before
{Heap before GC invocations=14 (full 3):
 PSYoungGen      total 211456K, used 189440K [0x00000000e0000000, 0x00000000f1080000, 0x0000000100000000)
  eden space 189440K, 100% used [0x00000000e0000000,0x00000000eb900000,0x00000000eb900000)
  from space 22016K, 0% used [0x00000000ecf80000,0x00000000ecf80000,0x00000000ee500000)
  to   space 23040K, 0% used [0x00000000eb900000,0x00000000eb900000,0x00000000ecf80000)
 ParOldGen       total 133632K, used 30567K [0x00000000a0000000, 0x00000000a8280000, 0x00000000e0000000)
  object space 133632K, 22% used [0x00000000a0000000,0x00000000a1dd9f60,0x00000000a8280000)
 Metaspace       used 65830K, capacity 68330K, committed 68480K, reserved 1107968K
  class space    used 9039K, capacity 9576K, committed 9600K, reserved 1048576K
Event: 50.681 GC heap after
Heap after GC invocations=14 (full 3):
 PSYoungGen      total 212480K, used 16228K [0x00000000e0000000, 0x00000000f2780000, 0x0000000100000000)
  eden space 189440K, 0% used [0x00000000e0000000,0x00000000e0000000,0x00000000eb900000)
  from space 23040K, 70% used [0x00000000eb900000,0x00000000ec8d9338,0x00000000ecf80000)
  to   space 23552K, 0% used [0x00000000f1080000,0x00000000f1080000,0x00000000f2780000)
 ParOldGen       total 133632K, used 30575K [0x00000000a0000000, 0x00000000a8280000, 0x00000000e0000000)
  object space 133632K, 22% used [0x00000000a0000000,0x00000000a1ddbf60,0x00000000a8280000)
 Metaspace       used 65830K, capacity 68330K, committed 68480K, reserved 1107968K
  class space    used 9039K, capacity 9576K, committed 9600K, reserved 1048576K
}
Event: 3284.357 GC heap before
{Heap before GC invocations=15 (full 3):
 PSYoungGen      total 212480K, used 205668K [0x00000000e0000000, 0x00000000f2780000, 0x0000000100000000)
  eden space 189440K, 100% used [0x00000000e0000000,0x00000000eb900000,0x00000000eb900000)
  from space 23040K, 70% used [0x00000000eb900000,0x00000000ec8d9338,0x00000000ecf80000)
  to   space 23552K, 0% used [0x00000000f1080000,0x00000000f1080000,0x00000000f2780000)
 ParOldGen       total 133632K, used 30575K [0x00000000a0000000, 0x00000000a8280000, 0x00000000e0000000)
  object space 133632K, 22% used [0x00000000a0000000,0x00000000a1ddbf60,0x00000000a8280000)
 Metaspace       used 75262K, capacity 78426K, committed 78592K, reserved 1118208K
  class space    used 9951K, capacity 10631K, committed 10752K, reserved 1048576K
Event: 3284.661 GC heap after
Heap after GC invocations=15 (full 3):
 PSYoungGen      total 270848K, used 23537K [0x00000000e0000000, 0x00000000f2880000, 0x0000000100000000)
  eden space 247296K, 0% used [0x00000000e0000000,0x00000000e0000000,0x00000000ef180000)
  from space 23552K, 99% used [0x00000000f1080000,0x00000000f277c4c0,0x00000000f2780000)
  to   space 28160K, 0% used [0x00000000ef180000,0x00000000ef180000,0x00000000f0d00000)
 ParOldGen       total 133632K, used 34360K [0x00000000a0000000, 0x00000000a8280000, 0x00000000e0000000)
  object space 133632K, 25% used [0x00000000a0000000,0x00000000a218e058,0x00000000a8280000)
 Metaspace       used 75262K, capacity 78426K, committed 78592K, reserved 1118208K
  class space    used 9951K, capacity 10631K, committed 10752K, reserved 1048576K
}

Deoptimization events (10 events):
Event: 3345.000 Thread 0x000000001d9b0000 Uncommon trap: reason=predicate action=maybe_recompile pc=0x00000000042ea294 method=java.util.ComparableTimSort.binarySort([Ljava/lang/Object;III)V @ 37
Event: 3345.009 Thread 0x000000001d9b0000 Uncommon trap: reason=unstable_if action=reinterpret pc=0x00000000042e95b8 method=com.sun.tools.javac.file.ZipFileIndex$Entry.compareTo(Lcom/sun/tools/javac/file/ZipFileIndex$Entry;)I @ 23
Event: 3345.009 Thread 0x000000001d9b0000 Uncommon trap: reason=unstable_if action=reinterpret pc=0x00000000042ea924 method=com.sun.tools.javac.file.ZipFileIndex$Entry.compareTo(Lcom/sun/tools/javac/file/ZipFileIndex$Entry;)I @ 23
Event: 3345.019 Thread 0x000000001d9b0000 Uncommon trap: reason=array_check action=maybe_recompile pc=0x00000000042e6bf4 method=java.util.ComparableTimSort.binarySort([Ljava/lang/Object;III)V @ 215
Event: 3345.030 Thread 0x000000001d9b0000 Uncommon trap: reason=array_check action=maybe_recompile pc=0x00000000035121f8 method=java.util.ComparableTimSort.binarySort([Ljava/lang/Object;III)V @ 183
Event: 3345.033 Thread 0x000000001d9b0000 Uncommon trap: reason=array_check action=maybe_recompile pc=0x00000000035121f8 method=java.util.ComparableTimSort.binarySort([Ljava/lang/Object;III)V @ 183
Event: 3345.033 Thread 0x000000001d9b0000 Uncommon trap: reason=array_check action=maybe_recompile pc=0x000000000351214c method=java.util.ComparableTimSort.binarySort([Ljava/lang/Object;III)V @ 193
Event: 3345.034 Thread 0x000000001d9b0000 Uncommon trap: reason=array_check action=maybe_recompile pc=0x000000000351214c method=java.util.ComparableTimSort.binarySort([Ljava/lang/Object;III)V @ 193
Event: 3345.035 Thread 0x000000001d9b0000 Uncommon trap: reason=array_check action=maybe_recompile pc=0x00000000042e6ce8 method=java.util.ComparableTimSort.binarySort([Ljava/lang/Object;III)V @ 193
Event: 3345.095 Thread 0x000000001d9b0000 Uncommon trap: reason=unstable_if action=reinterpret pc=0x00000000034cb480 method=com.sun.tools.javac.util.Name$Table.equals([BI[BII)Z @ 22

Classes redefined (0 events):
No events

Internal exceptions (10 events):
Event: 3294.641 Thread 0x000000001d9b0000 Exception <a 'java/lang/NoSuchMethodError': <clinit>> (0x00000000e91901f8) thrown at [D:\src\AOSP-openjdk-cygwin\jdk8u\hotspot\src\share\vm\prims\jni.cpp, line 1614]
Event: 3294.642 Thread 0x000000001d9b0000 Exception <a 'java/lang/NoSuchMethodError': <clinit>> (0x00000000e9191ad0) thrown at [D:\src\AOSP-openjdk-cygwin\jdk8u\hotspot\src\share\vm\prims\jni.cpp, line 1614]
Event: 3294.797 Thread 0x000000001d9b0000 Exception <a 'java/lang/NoSuchMethodError': <clinit>> (0x00000000e9615ac0) thrown at [D:\src\AOSP-openjdk-cygwin\jdk8u\hotspot\src\share\vm\prims\jni.cpp, line 1614]
Event: 3294.799 Thread 0x000000001d9b0000 Exception <a 'java/lang/NoSuchMethodError': <clinit>> (0x00000000e9636e78) thrown at [D:\src\AOSP-openjdk-cygwin\jdk8u\hotspot\src\share\vm\prims\jni.cpp, line 1614]
Event: 3294.801 Thread 0x000000001d9b0000 Exception <a 'java/lang/NoSuchMethodError': <clinit>> (0x00000000e96609e8) thrown at [D:\src\AOSP-openjdk-cygwin\jdk8u\hotspot\src\share\vm\prims\jni.cpp, line 1614]
Event: 3294.807 Thread 0x000000001d9b0000 Exception <a 'java/lang/NoSuchMethodError': <clinit>> (0x00000000e96ae0e8) thrown at [D:\src\AOSP-openjdk-cygwin\jdk8u\hotspot\src\share\vm\prims\jni.cpp, line 1614]
Event: 3294.811 Thread 0x000000001d9b0000 Exception <a 'java/lang/NoSuchMethodError': <clinit>> (0x00000000e96e9480) thrown at [D:\src\AOSP-openjdk-cygwin\jdk8u\hotspot\src\share\vm\prims\jni.cpp, line 1614]
Event: 3341.379 Thread 0x000000001eba9000 Exception <a 'sun/nio/fs/WindowsException'> (0x00000000ea381f20) thrown at [D:\src\AOSP-openjdk-cygwin\jdk8u\hotspot\src\share\vm\prims\jni.cpp, line 710]
Event: 3341.379 Thread 0x000000001eba9000 Exception <a 'sun/nio/fs/WindowsException'> (0x00000000ea3823c8) thrown at [D:\src\AOSP-openjdk-cygwin\jdk8u\hotspot\src\share\vm\prims\jni.cpp, line 710]
Event: 3344.907 Thread 0x000000001d9b0000 Implicit null exception at 0x0000000003106def to 0x00000000031073fd

Events (10 events):
Event: 3345.066 loading class com/sun/tools/javac/jvm/ClassReader$ProxyVisitor done
Event: 3345.067 loading class com/sun/tools/javac/jvm/ClassReader$ParameterAnnotations
Event: 3345.067 loading class com/sun/tools/javac/jvm/ClassReader$ParameterAnnotations done
Event: 3345.075 loading class com/sun/tools/javac/code/Type$ArrayType$1
Event: 3345.075 loading class com/sun/tools/javac/code/Type$ArrayType$1 done
Event: 3345.095 Thread 0x000000001d9b0000 Uncommon trap: trap_request=0xffffff65 fr.pc=0x00000000034cb480
Event: 3345.095 Thread 0x000000001d9b0000 DEOPT PACKING pc=0x00000000034cb480 sp=0x000000001aff6f30
Event: 3345.095 Thread 0x000000001d9b0000 DEOPT UNPACKING pc=0x000000000256557b sp=0x000000001aff6eb0 mode 2
Event: 3345.103 loading class com/sun/tools/javac/util/Pair
Event: 3345.103 loading class com/sun/tools/javac/util/Pair done


Dynamic libraries:
0x00007ff785c60000 - 0x00007ff785c91000 	C:\Program Files\Android\Android Studio\jre\bin\java.exe
0x00007ffa70840000 - 0x00007ffa70a30000 	C:\WINDOWS\SYSTEM32\ntdll.dll
0x00007ffa70340000 - 0x00007ffa703f2000 	C:\WINDOWS\System32\KERNEL32.DLL
0x00007ffa6daa0000 - 0x00007ffa6dd44000 	C:\WINDOWS\System32\KERNELBASE.dll
0x00007ffa70290000 - 0x00007ffa70333000 	C:\WINDOWS\System32\ADVAPI32.dll
0x00007ffa6ee90000 - 0x00007ffa6ef2e000 	C:\WINDOWS\System32\msvcrt.dll
0x00007ffa6e980000 - 0x00007ffa6ea17000 	C:\WINDOWS\System32\sechost.dll
0x00007ffa706e0000 - 0x00007ffa70800000 	C:\WINDOWS\System32\RPCRT4.dll
0x00007ffa6fd10000 - 0x00007ffa6fea4000 	C:\WINDOWS\System32\USER32.dll
0x00007ffa6e670000 - 0x00007ffa6e691000 	C:\WINDOWS\System32\win32u.dll
0x00007ffa6f4f0000 - 0x00007ffa6f516000 	C:\WINDOWS\System32\GDI32.dll
0x00007ffa6e750000 - 0x00007ffa6e8e4000 	C:\WINDOWS\System32\gdi32full.dll
0x00007ffa6e4d0000 - 0x00007ffa6e56e000 	C:\WINDOWS\System32\msvcp_win.dll
0x00007ffa6e570000 - 0x00007ffa6e66a000 	C:\WINDOWS\System32\ucrtbase.dll
0x00007ffa58de0000 - 0x00007ffa59064000 	C:\WINDOWS\WinSxS\amd64_microsoft.windows.common-controls_6595b64144ccf1df_6.0.18362.815_none_e6c3b941130ffef4\COMCTL32.dll
0x00007ffa6f1a0000 - 0x00007ffa6f4d6000 	C:\WINDOWS\System32\combase.dll
0x00007ffa6da20000 - 0x00007ffa6daa0000 	C:\WINDOWS\System32\bcryptPrimitives.dll
0x00007ffa70010000 - 0x00007ffa7003e000 	C:\WINDOWS\System32\IMM32.DLL
0x00000000761d0000 - 0x00000000762a2000 	C:\Program Files\Android\Android Studio\jre\jre\bin\msvcr100.dll
0x0000000074230000 - 0x0000000074a76000 	C:\Program Files\Android\Android Studio\jre\jre\bin\server\jvm.dll
0x00007ffa6e8f0000 - 0x00007ffa6e8f8000 	C:\WINDOWS\System32\PSAPI.DLL
0x00007ffa6b2d0000 - 0x00007ffa6b2f4000 	C:\WINDOWS\SYSTEM32\WINMM.dll
0x00007ffa68610000 - 0x00007ffa6861a000 	C:\WINDOWS\SYSTEM32\VERSION.dll
0x00007ffa5bec0000 - 0x00007ffa5bec9000 	C:\WINDOWS\SYSTEM32\WSOCK32.dll
0x00007ffa70670000 - 0x00007ffa706df000 	C:\WINDOWS\System32\WS2_32.dll
0x00007ffa6b2a0000 - 0x00007ffa6b2cd000 	C:\WINDOWS\SYSTEM32\winmmbase.dll
0x00007ffa6e700000 - 0x00007ffa6e74a000 	C:\WINDOWS\System32\cfgmgr32.dll
0x00007ffa613f0000 - 0x00007ffa613ff000 	C:\Program Files\Android\Android Studio\jre\jre\bin\verify.dll
0x00007ffa5e750000 - 0x00007ffa5e779000 	C:\Program Files\Android\Android Studio\jre\jre\bin\java.dll
0x00007ffa5f600000 - 0x00007ffa5f616000 	C:\Program Files\Android\Android Studio\jre\jre\bin\zip.dll
0x00007ffa6f600000 - 0x00007ffa6fce4000 	C:\WINDOWS\System32\SHELL32.dll
0x00007ffa6f0f0000 - 0x00007ffa6f199000 	C:\WINDOWS\System32\shcore.dll
0x00007ffa6dd50000 - 0x00007ffa6e4cd000 	C:\WINDOWS\System32\windows.storage.dll
0x00007ffa6d7a0000 - 0x00007ffa6d7c3000 	C:\WINDOWS\System32\profapi.dll
0x00007ffa6d710000 - 0x00007ffa6d75a000 	C:\WINDOWS\System32\powrprof.dll
0x00007ffa6d700000 - 0x00007ffa6d710000 	C:\WINDOWS\System32\UMPDC.dll
0x00007ffa70400000 - 0x00007ffa70452000 	C:\WINDOWS\System32\shlwapi.dll
0x00007ffa6d780000 - 0x00007ffa6d791000 	C:\WINDOWS\System32\kernel.appcore.dll
0x00007ffa6d7d0000 - 0x00007ffa6d7e7000 	C:\WINDOWS\System32\cryptsp.dll
0x00007ffa5e640000 - 0x00007ffa5e65a000 	C:\Program Files\Android\Android Studio\jre\jre\bin\net.dll
0x00007ffa61e30000 - 0x00007ffa62006000 	C:\WINDOWS\SYSTEM32\urlmon.dll
0x00007ffa60fe0000 - 0x00007ffa61286000 	C:\WINDOWS\SYSTEM32\iertutil.dll
0x00007ffa6d140000 - 0x00007ffa6d14c000 	C:\WINDOWS\SYSTEM32\CRYPTBASE.DLL
0x00007ffa6cf70000 - 0x00007ffa6cfd7000 	C:\WINDOWS\system32\mswsock.dll
0x00007ffa4dea0000 - 0x00007ffa4deb3000 	C:\Program Files\Android\Android Studio\jre\jre\bin\nio.dll
0x00007ffa69d00000 - 0x00007ffa69d26000 	C:\Users\Niyati Patel\.gradle\native\30\windows-amd64\native-platform.dll
0x00007ffa68b30000 - 0x00007ffa68b3d000 	C:\Program Files\Android\Android Studio\jre\jre\bin\management.dll
0x00007ffa6cae0000 - 0x00007ffa6cb13000 	C:\WINDOWS\system32\rsaenh.dll
0x00007ffa6d7f0000 - 0x00007ffa6d816000 	C:\WINDOWS\System32\bcrypt.dll
0x00007ffa6d620000 - 0x00007ffa6d645000 	C:\WINDOWS\SYSTEM32\USERENV.dll
0x00007ffa6cc80000 - 0x00007ffa6ccba000 	C:\WINDOWS\SYSTEM32\IPHLPAPI.DLL
0x00007ffa6f4e0000 - 0x00007ffa6f4e8000 	C:\WINDOWS\System32\NSI.dll
0x00007ffa61720000 - 0x00007ffa61736000 	C:\WINDOWS\SYSTEM32\dhcpcsvc6.DLL
0x00007ffa616e0000 - 0x00007ffa616fc000 	C:\WINDOWS\SYSTEM32\dhcpcsvc.DLL
0x00007ffa6cd20000 - 0x00007ffa6cdeb000 	C:\WINDOWS\SYSTEM32\DNSAPI.dll

VM Arguments:
jvm_args: -Xmx1536m -Dfile.encoding=windows-1252 -Duser.country=US -Duser.language=en -Duser.variant 
java_command: org.gradle.launcher.daemon.bootstrap.GradleDaemon 5.6.4
java_class_path (initial): C:\Users\Niyati Patel\.gradle\wrapper\dists\gradle-5.6.4-all\ankdp27end7byghfw1q2sw75f\gradle-5.6.4\lib\gradle-launcher-5.6.4.jar
Launcher Type: SUN_STANDARD

Environment Variables:
PATH=C:\oraclexe\app\oracle\product\10.2.0\server\bin;C:\Program Files (x86)\Common Files\Oracle\Java\javapath;C:\Program Files (x86)\Java\jre1.8.0_111\bin;C:\Program Files\Java\jdk1.8.0_212\bin;C:\Program Files\Java\jdk-12.0.2\bin;;C:\WINDOWS\system32;C:\WINDOWS;C:\WINDOWS\System32\Wbem;C:\WINDOWS\System32\WindowsPowerShell\v1.0\;C:\WINDOWS\System32\OpenSSH\;C:\Users\Niyati Patel\AppData\Local\Programs\Python\Python38-32\Scripts\;C:\Users\Niyati Patel\AppData\Local\Programs\Python\Python38-32\;C:\Users\Niyati Patel\AppData\Local\Microsoft\WindowsApps;C:\Users\Niyati Patel\AppData\Local\Programs\Microsoft VS Code\bin;C:\src\flutter_windows_v1.12.13+hotfix.8-stable\flutter\bin;
USERNAME=Niyati Patel
OS=Windows_NT
PROCESSOR_IDENTIFIER=Intel64 Family 6 Model 142 Stepping 10, GenuineIntel



---------------  S Y S T E M  ---------------

OS: Windows 10.0 , 64 bit Build 18362 (10.0.18362.778)

CPU:total 4 (initial active 4) (2 cores per cpu, 2 threads per core) family 6 model 142 stepping 10, cmov, cx8, fxsr, mmx, sse, sse2, sse3, ssse3, sse4.1, sse4.2, popcnt, avx, avx2, aes, clmul, erms, 3dnowpref, lzcnt, ht, tsc, tscinvbit, bmi1, bmi2, adx

Memory: 4k page, physical 8303524k(1217648k free), swap 11282340k(4636k free)

vm_info: OpenJDK 64-Bit Server VM (25.212-b04) for windows-amd64 JRE (1.8.0_212-release-1586-b04), built by "builder" with MS VC++ 10.0 (VS2010)

time: Mon May 04 15:41:05 2020
timezone: India Standard Time
elapsed time: 3345 seconds (0d 0h 55m 45s)

