#
# There is insufficient memory for the Java Runtime Environment to continue.
# Native memory allocation (malloc) failed to allocate 3254096 bytes for Chunk::new
# Possible reasons:
#   The system is out of physical RAM or swap space
#   The process is running with CompressedOops enabled, and the Java Heap may be blocking the growth of the native heap
# Possible solutions:
#   Reduce memory load on the system
#   Increase physical memory or swap space
#   Check if swap backing store is full
#   Decrease Java heap size (-Xmx/-Xms)
#   Decrease number of Java threads
#   Decrease Java thread stack sizes (-Xss)
#   Set larger code cache with -XX:ReservedCodeCacheSize=
#   JVM is running with Unscaled Compressed Oops mode in which the Java heap is
#     placed in the first 4GB address space. The Java Heap base address is the
#     maximum limit for the native heap growth. Please use -XX:HeapBaseMinAddress
#     to set the Java Heap base and to place the Java Heap above 4GB virtual address.
# This output file may be truncated or incomplete.
#
#  Out of Memory Error (allocation.cpp:389), pid=20424, tid=0x0000000000000774
#
# JRE version: OpenJDK Runtime Environment (8.0_212-b04) (build 1.8.0_212-release-1586-b04)
# Java VM: OpenJDK 64-Bit Server VM (25.212-b04 mixed mode windows-amd64 compressed oops)
# Failed to write core dump. Minidumps are not enabled by default on client versions of Windows
#

---------------  T H R E A D  ---------------

Current thread (0x000000001645b800):  JavaThread "C2 CompilerThread0" daemon [_thread_in_native, id=1908, stack(0x0000000017ac0000,0x0000000017bc0000)]

Stack: [0x0000000017ac0000,0x0000000017bc0000]
[error occurred during error reporting (printing stack bounds), id 0xc0000005]

Native frames: (J=compiled Java code, j=interpreted, Vv=VM code, C=native code)


Current CompileTask:
C2:2711319 20263 % !   4       com.android.tools.r8.dex.m::b @ 460 (2743 bytes)


---------------  P R O C E S S  ---------------

Java Threads: ( => current thread )
  0x000000001cdc8000 JavaThread "ForkJoinPool.commonPool-worker-3" daemon [_thread_blocked, id=21612, stack(0x0000000029750000,0x0000000029850000)]
  0x000000001cdc0800 JavaThread "ForkJoinPool.commonPool-worker-2" daemon [_thread_blocked, id=19032, stack(0x0000000026c80000,0x0000000026d80000)]
  0x000000001cdc6000 JavaThread "ForkJoinPool.commonPool-worker-1" daemon [_thread_blocked, id=11056, stack(0x0000000026de0000,0x0000000026ee0000)]
  0x000000001cdc6800 JavaThread "WorkerExecutor Queue Thread 4" [_thread_blocked, id=26452, stack(0x00000000267e0000,0x00000000268e0000)]
  0x000000001cdc3800 JavaThread "WorkerExecutor Queue Thread 3" [_thread_blocked, id=24404, stack(0x00000000266e0000,0x00000000267e0000)]
  0x000000001cdc3000 JavaThread "WorkerExecutor Queue Thread 2" [_thread_blocked, id=22000, stack(0x0000000025210000,0x0000000025310000)]
  0x000000001a51b800 JavaThread "WorkerExecutor Queue" [_thread_blocked, id=10636, stack(0x0000000025110000,0x0000000025210000)]
  0x000000001a51a800 JavaThread "Cache worker for Java compile cache (C:\Users\Niyati Patel\AndroidStudioProjects\Textile\.gradle\5.6.4\javaCompile)" [_thread_blocked, id=18600, stack(0x0000000024b70000,0x0000000024c70000)]
  0x000000001a51c000 JavaThread "Cache worker for execution history cache (C:\Users\Niyati Patel\AndroidStudioProjects\Textile\.gradle\5.6.4\executionHistory)" [_thread_blocked, id=14716, stack(0x0000000024a70000,0x0000000024b70000)]
  0x000000001a518800 JavaThread "Execution worker for ':' Thread 3" [_thread_blocked, id=9572, stack(0x0000000024770000,0x0000000024870000)]
  0x000000001a519000 JavaThread "Execution worker for ':' Thread 2" [_thread_blocked, id=20420, stack(0x0000000024050000,0x0000000024150000)]
  0x000000001a51a000 JavaThread "Execution worker for ':'" [_thread_blocked, id=23808, stack(0x0000000023f50000,0x0000000024050000)]
  0x000000001a511000 JavaThread "Cache worker for file content cache (C:\Users\Niyati Patel\AndroidStudioProjects\Textile\.gradle\5.6.4\fileContent)" [_thread_blocked, id=28464, stack(0x0000000023e50000,0x0000000023f50000)]
  0x000000001a510000 JavaThread "Cache worker for Build Output Cleanup Cache (C:\Users\Niyati Patel\AndroidStudioProjects\Textile\.gradle\buildOutputCleanup)" [_thread_blocked, id=17204, stack(0x0000000023b50000,0x0000000023c50000)]
  0x000000001a513000 JavaThread "pool-25-thread-1" [_thread_blocked, id=7372, stack(0x00000000223e0000,0x00000000224e0000)]
  0x000000001a517000 JavaThread "Build operations Thread 4" [_thread_blocked, id=18464, stack(0x00000000220e0000,0x00000000221e0000)]
  0x000000001a50f800 JavaThread "Build operations Thread 3" [_thread_blocked, id=9008, stack(0x00000000213e0000,0x00000000214e0000)]
  0x000000001a512800 JavaThread "Build operations Thread 2" [_thread_blocked, id=14640, stack(0x00000000210e0000,0x00000000211e0000)]
  0x000000001a514000 JavaThread "Build operations" [_thread_blocked, id=27120, stack(0x0000000020be0000,0x0000000020ce0000)]
  0x000000001a511800 JavaThread "Cache worker for cache directory md-rule (C:\Users\Niyati Patel\.gradle\caches\5.6.4\md-rule)" [_thread_blocked, id=7332, stack(0x0000000020ae0000,0x0000000020be0000)]
  0x000000001a516000 JavaThread "Cache worker for cache directory md-supplier (C:\Users\Niyati Patel\.gradle\caches\5.6.4\md-supplier)" [_thread_blocked, id=23128, stack(0x00000000209e0000,0x0000000020ae0000)]
  0x000000001a515800 JavaThread "Cache worker for file hash cache (C:\Users\Niyati Patel\AndroidStudioProjects\Textile\.gradle\5.6.4\fileHashes)" [_thread_blocked, id=9552, stack(0x00000000208e0000,0x00000000209e0000)]
  0x000000001a6e7000 JavaThread "Thread-243" [_thread_blocked, id=6544, stack(0x00000000205e0000,0x00000000206e0000)]
  0x000000001a6ed800 JavaThread "Stdin handler" [_thread_blocked, id=240, stack(0x000000001e880000,0x000000001e980000)]
  0x000000001a6ed000 JavaThread "Asynchronous log dispatcher for DefaultDaemonConnection: socket connection from /127.0.0.1:56521 to /127.0.0.1:51738" [_thread_blocked, id=19256, stack(0x000000001e780000,0x000000001e880000)]
  0x000000001a6ec000 JavaThread "Daemon worker Thread 8" [_thread_in_Java, id=13440, stack(0x000000001bce0000,0x000000001bde0000)]
  0x000000001a6e9000 JavaThread "Cancel handler" [_thread_blocked, id=10340, stack(0x000000001b5e0000,0x000000001b6e0000)]
  0x000000001a6e7800 JavaThread "Handler for socket connection from /127.0.0.1:56521 to /127.0.0.1:51738" [_thread_in_native, id=16972, stack(0x000000001b4e0000,0x000000001b5e0000)]
  0x000000001a6eb800 JavaThread "Daemon Thread 8" [_thread_blocked, id=7784, stack(0x0000000000fc0000,0x00000000010c0000)]
  0x000000001a514800 JavaThread "Cache worker for Java compile cache (C:\Users\Niyati Patel\.gradle\caches\5.6.4\javaCompile)" [_thread_blocked, id=22332, stack(0x00000000241c0000,0x00000000242c0000)]
  0x000000001a6ea800 JavaThread "MarlinRenderer Disposer" daemon [_thread_blocked, id=23412, stack(0x0000000024670000,0x0000000024770000)]
  0x000000001a6ea000 JavaThread "Java2D Disposer" daemon [_thread_blocked, id=376, stack(0x0000000024350000,0x0000000024450000)]
  0x000000001cdc7800 JavaThread "Cache worker for file content cache (C:\Users\Niyati Patel\.gradle\caches\5.6.4\fileContent)" [_thread_blocked, id=28208, stack(0x0000000021fe0000,0x00000000220e0000)]
  0x000000001cdc0000 JavaThread "Memory manager" [_thread_blocked, id=18384, stack(0x0000000021ee0000,0x0000000021fe0000)]
  0x000000001cdbf000 JavaThread "Cache worker for execution history cache (C:\Users\Niyati Patel\.gradle\caches\5.6.4\executionHistory)" [_thread_blocked, id=20576, stack(0x000000001ea30000,0x000000001eb30000)]
  0x00000000198f3800 JavaThread "Cache worker for journal cache (C:\Users\Niyati Patel\.gradle\caches\journal-1)" [_thread_blocked, id=4012, stack(0x000000001c1e0000,0x000000001c2e0000)]
  0x00000000198f2000 JavaThread "File lock request listener" [_thread_in_native, id=27480, stack(0x000000001c0e0000,0x000000001c1e0000)]
  0x00000000198f4800 JavaThread "Cache worker for file hash cache (C:\Users\Niyati Patel\.gradle\caches\5.6.4\fileHashes)" [_thread_blocked, id=25800, stack(0x000000001bfe0000,0x000000001c0e0000)]
  0x0000000019e20000 JavaThread "Daemon periodic checks" [_thread_blocked, id=14572, stack(0x000000001b3e0000,0x000000001b4e0000)]
  0x0000000019e1d800 JavaThread "Incoming local TCP Connector on port 56521" [_thread_in_native, id=9316, stack(0x000000001b1a0000,0x000000001b2a0000)]
  0x0000000019a18000 JavaThread "Daemon health stats" [_thread_blocked, id=27584, stack(0x000000001ab60000,0x000000001ac60000)]
  0x00000000164bd800 JavaThread "Service Thread" daemon [_thread_blocked, id=8648, stack(0x00000000181c0000,0x00000000182c0000)]
  0x0000000016469800 JavaThread "C1 CompilerThread2" daemon [_thread_blocked, id=22804, stack(0x0000000017cc0000,0x0000000017dc0000)]
  0x0000000016460800 JavaThread "C2 CompilerThread1" daemon [_thread_blocked, id=28512, stack(0x0000000017bc0000,0x0000000017cc0000)]
=>0x000000001645b800 JavaThread "C2 CompilerThread0" daemon [_thread_in_native, id=1908, stack(0x0000000017ac0000,0x0000000017bc0000)]
  0x000000001645a000 JavaThread "Attach Listener" daemon [_thread_blocked, id=22580, stack(0x00000000179c0000,0x0000000017ac0000)]
  0x0000000016459000 JavaThread "Signal Dispatcher" daemon [_thread_blocked, id=28124, stack(0x00000000178c0000,0x00000000179c0000)]
  0x0000000002aeb000 JavaThread "Finalizer" daemon [_thread_blocked, id=11904, stack(0x00000000176c0000,0x00000000177c0000)]
  0x0000000016449000 JavaThread "Reference Handler" daemon [_thread_blocked, id=13108, stack(0x00000000175c0000,0x00000000176c0000)]
  0x0000000000c5e800 JavaThread "main" [_thread_blocked, id=15708, stack(0x0000000002860000,0x0000000002960000)]

Other Threads:
  0x0000000016426000 VMThread [stack: 0x00000000174c0000,0x00000000175c0000] [id=12936]
  0x00000000164be000 WatcherThread [stack: 0x00000000182c0000,0x00000000183c0000] [id=4728]

VM state:not at safepoint (normal execution)

VM Mutex/Monitor currently owned by a thread: None

OutOfMemory and StackOverflow Exception counts:
OutOfMemoryError java_heap_errors=3

heap address: 0x00000000a0000000, size: 1536 MB, Compressed Oops mode: 32-bit
Narrow klass base: 0x0000000000000000, Narrow klass shift: 3
Compressed class space size: 1073741824 Address: 0x0000000100000000

Heap:
 PSYoungGen      total 194048K, used 43770K [0x00000000e0000000, 0x00000000f4000000, 0x0000000100000000)
  eden space 135680K, 32% used [0x00000000e0000000,0x00000000e2abe818,0x00000000e8480000)
  from space 58368K, 0% used [0x00000000ece00000,0x00000000ece00000,0x00000000f0700000)
  to   space 75264K, 0% used [0x00000000e8480000,0x00000000e8480000,0x00000000ece00000)
 ParOldGen       total 238592K, used 91290K [0x00000000a0000000, 0x00000000ae900000, 0x00000000e0000000)
  object space 238592K, 38% used [0x00000000a0000000,0x00000000a5926b58,0x00000000ae900000)
 Metaspace       used 91328K, capacity 96118K, committed 96856K, reserved 1132544K
  class space    used 11843K, capacity 12726K, committed 12888K, reserved 1048576K

Card table byte_map: [0x0000000011eb0000,0x00000000121c0000] byte_map_base: 0x00000000119b0000

Marking Bits: (ParMarkBitMap*) 0x0000000074d49f30
 Begin Bits: [0x00000000127c0000, 0x0000000013fc0000)
 End Bits:   [0x0000000013fc0000, 0x00000000157c0000)

Polling page: 0x00000000007f0000

CodeCache: size=245760Kb used=53039Kb max_used=53039Kb free=192720Kb
 bounds [0x0000000002af0000, 0x0000000005f10000, 0x0000000011af0000]
 total_blobs=17039 nmethods=16056 adapters=895
 compilation: enabled

Compilation events (10 events):
Event: 2711.192 Thread 0x0000000016469800 20299   !   3       java.nio.Bits::reserveMemory (155 bytes)
Event: 2711.194 Thread 0x0000000016469800 nmethod 20299 0x0000000005ef3650 code [0x0000000005ef38e0, 0x0000000005ef4638]
Event: 2711.194 Thread 0x0000000016469800 20301       3       java.nio.DirectByteBuffer$Deallocator::<init> (9 bytes)
Event: 2711.194 Thread 0x0000000016469800 nmethod 20301 0x0000000005ecf550 code [0x0000000005ecf6c0, 0x0000000005ecf848]
Event: 2711.194 Thread 0x0000000016469800 20302       3       java.nio.DirectByteBuffer$Deallocator::<init> (41 bytes)
Event: 2711.194 Thread 0x0000000016469800 nmethod 20302 0x0000000005ef3250 code [0x0000000005ef33c0, 0x0000000005ef3590]
Event: 2711.208 Thread 0x0000000016469800 20303       1       com.android.apksig.internal.apk.ApkSigningBlockUtils$ChunkSupplier$Chunk::access$700 (5 bytes)
Event: 2711.209 Thread 0x0000000016469800 nmethod 20303 0x0000000005ef2190 code [0x0000000005ef22e0, 0x0000000005ef23d0]
Event: 2711.210 Thread 0x0000000016469800 20304       3       com.android.apksig.internal.util.RandomAccessFileDataSource::checkChunkValid (228 bytes)
Event: 2711.213 Thread 0x0000000016469800 nmethod 20304 0x0000000005eed2d0 code [0x0000000005eed7c0, 0x0000000005ef0808]

GC Heap History (10 events):
Event: 2552.305 GC heap before
{Heap before GC invocations=26 (full 3):
 PSYoungGen      total 214528K, used 206643K [0x00000000e0000000, 0x00000000efc00000, 0x0000000100000000)
  eden space 178176K, 100% used [0x00000000e0000000,0x00000000eae00000,0x00000000eae00000)
  from space 36352K, 78% used [0x00000000ed880000,0x00000000ef44cc88,0x00000000efc00000)
  to   space 39936K, 0% used [0x00000000eae00000,0x00000000eae00000,0x00000000ed500000)
 ParOldGen       total 136192K, used 74549K [0x00000000a0000000, 0x00000000a8500000, 0x00000000e0000000)
  object space 136192K, 54% used [0x00000000a0000000,0x00000000a48cd5e8,0x00000000a8500000)
 Metaspace       used 91076K, capacity 95894K, committed 96088K, reserved 1132544K
  class space    used 11865K, capacity 12774K, committed 12888K, reserved 1048576K
Event: 2552.364 GC heap after
Heap after GC invocations=26 (full 3):
 PSYoungGen      total 195072K, used 22314K [0x00000000e0000000, 0x00000000ef580000, 0x0000000100000000)
  eden space 172544K, 0% used [0x00000000e0000000,0x00000000e0000000,0x00000000ea880000)
  from space 22528K, 99% used [0x00000000eae00000,0x00000000ec3ca980,0x00000000ec400000)
  to   space 39424K, 0% used [0x00000000ecf00000,0x00000000ecf00000,0x00000000ef580000)
 ParOldGen       total 136192K, used 74557K [0x00000000a0000000, 0x00000000a8500000, 0x00000000e0000000)
  object space 136192K, 54% used [0x00000000a0000000,0x00000000a48cf5e8,0x00000000a8500000)
 Metaspace       used 91076K, capacity 95894K, committed 96088K, reserved 1132544K
  class space    used 11865K, capacity 12774K, committed 12888K, reserved 1048576K
}
Event: 2558.155 GC heap before
{Heap before GC invocations=27 (full 3):
 PSYoungGen      total 195072K, used 194854K [0x00000000e0000000, 0x00000000ef580000, 0x0000000100000000)
  eden space 172544K, 99% used [0x00000000e0000000,0x00000000ea87f010,0x00000000ea880000)
  from space 22528K, 99% used [0x00000000eae00000,0x00000000ec3ca980,0x00000000ec400000)
  to   space 39424K, 0% used [0x00000000ecf00000,0x00000000ecf00000,0x00000000ef580000)
 ParOldGen       total 136192K, used 74557K [0x00000000a0000000, 0x00000000a8500000, 0x00000000e0000000)
  object space 136192K, 54% used [0x00000000a0000000,0x00000000a48cf5e8,0x00000000a8500000)
 Metaspace       used 91245K, capacity 96104K, committed 96344K, reserved 1132544K
  class space    used 11871K, capacity 12785K, committed 12888K, reserved 1048576K
Event: 2558.313 GC heap after
Heap after GC invocations=27 (full 3):
 PSYoungGen      total 196608K, used 39416K [0x00000000e0000000, 0x00000000f0e80000, 0x0000000100000000)
  eden space 157184K, 0% used [0x00000000e0000000,0x00000000e0000000,0x00000000e9980000)
  from space 39424K, 99% used [0x00000000ecf00000,0x00000000ef57e3c8,0x00000000ef580000)
  to   space 54784K, 0% used [0x00000000e9980000,0x00000000e9980000,0x00000000ecf00000)
 ParOldGen       total 136192K, used 100481K [0x00000000a0000000, 0x00000000a8500000, 0x00000000e0000000)
  object space 136192K, 73% used [0x00000000a0000000,0x00000000a6220720,0x00000000a8500000)
 Metaspace       used 91245K, capacity 96104K, committed 96344K, reserved 1132544K
  class space    used 11871K, capacity 12785K, committed 12888K, reserved 1048576K
}
Event: 2705.947 GC heap before
{Heap before GC invocations=28 (full 3):
 PSYoungGen      total 196608K, used 196600K [0x00000000e0000000, 0x00000000f0e80000, 0x0000000100000000)
  eden space 157184K, 100% used [0x00000000e0000000,0x00000000e9980000,0x00000000e9980000)
  from space 39424K, 99% used [0x00000000ecf00000,0x00000000ef57e3c8,0x00000000ef580000)
  to   space 54784K, 0% used [0x00000000e9980000,0x00000000e9980000,0x00000000ecf00000)
 ParOldGen       total 136192K, used 100481K [0x00000000a0000000, 0x00000000a8500000, 0x00000000e0000000)
  object space 136192K, 73% used [0x00000000a0000000,0x00000000a6220720,0x00000000a8500000)
 Metaspace       used 91441K, capacity 96480K, committed 96600K, reserved 1132544K
  class space    used 11893K, capacity 12825K, committed 12888K, reserved 1048576K
Event: 2706.020 GC heap after
Heap after GC invocations=28 (full 3):
 PSYoungGen      total 194048K, used 41321K [0x00000000e0000000, 0x00000000f0700000, 0x0000000100000000)
  eden space 152576K, 0% used [0x00000000e0000000,0x00000000e0000000,0x00000000e9500000)
  from space 41472K, 99% used [0x00000000e9980000,0x00000000ec1da6c0,0x00000000ec200000)
  to   space 58368K, 0% used [0x00000000ece00000,0x00000000ece00000,0x00000000f0700000)
 ParOldGen       total 136192K, used 100993K [0x00000000a0000000, 0x00000000a8500000, 0x00000000e0000000)
  object space 136192K, 74% used [0x00000000a0000000,0x00000000a62a0720,0x00000000a8500000)
 Metaspace       used 91441K, capacity 96480K, committed 96600K, reserved 1132544K
  class space    used 11893K, capacity 12825K, committed 12888K, reserved 1048576K
}
Event: 2707.562 GC heap before
{Heap before GC invocations=29 (full 3):
 PSYoungGen      total 194048K, used 193897K [0x00000000e0000000, 0x00000000f0700000, 0x0000000100000000)
  eden space 152576K, 100% used [0x00000000e0000000,0x00000000e9500000,0x00000000e9500000)
  from space 41472K, 99% used [0x00000000e9980000,0x00000000ec1da6c0,0x00000000ec200000)
  to   space 58368K, 0% used [0x00000000ece00000,0x00000000ece00000,0x00000000f0700000)
 ParOldGen       total 136192K, used 100993K [0x00000000a0000000, 0x00000000a8500000, 0x00000000e0000000)
  object space 136192K, 74% used [0x00000000a0000000,0x00000000a62a0720,0x00000000a8500000)
 Metaspace       used 91592K, capacity 96612K, committed 96856K, reserved 1132544K
  class space    used 11893K, capacity 12825K, committed 12888K, reserved 1048576K
Event: 2707.688 GC heap after
Heap after GC invocations=29 (full 3):
 PSYoungGen      total 194048K, used 58342K [0x00000000e0000000, 0x00000000f4000000, 0x0000000100000000)
  eden space 135680K, 0% used [0x00000000e0000000,0x00000000e0000000,0x00000000e8480000)
  from space 58368K, 99% used [0x00000000ece00000,0x00000000f06f9b68,0x00000000f0700000)
  to   space 75264K, 0% used [0x00000000e8480000,0x00000000e8480000,0x00000000ece00000)
 ParOldGen       total 136192K, used 122338K [0x00000000a0000000, 0x00000000a8500000, 0x00000000e0000000)
  object space 136192K, 89% used [0x00000000a0000000,0x00000000a7778a70,0x00000000a8500000)
 Metaspace       used 91592K, capacity 96612K, committed 96856K, reserved 1132544K
  class space    used 11893K, capacity 12825K, committed 12888K, reserved 1048576K
}
Event: 2707.688 GC heap before
{Heap before GC invocations=30 (full 4):
 PSYoungGen      total 194048K, used 58342K [0x00000000e0000000, 0x00000000f4000000, 0x0000000100000000)
  eden space 135680K, 0% used [0x00000000e0000000,0x00000000e0000000,0x00000000e8480000)
  from space 58368K, 99% used [0x00000000ece00000,0x00000000f06f9b68,0x00000000f0700000)
  to   space 75264K, 0% used [0x00000000e8480000,0x00000000e8480000,0x00000000ece00000)
 ParOldGen       total 136192K, used 122338K [0x00000000a0000000, 0x00000000a8500000, 0x00000000e0000000)
  object space 136192K, 89% used [0x00000000a0000000,0x00000000a7778a70,0x00000000a8500000)
 Metaspace       used 91592K, capacity 96612K, committed 96856K, reserved 1132544K
  class space    used 11893K, capacity 12825K, committed 12888K, reserved 1048576K
Event: 2710.535 GC heap after
Heap after GC invocations=30 (full 4):
 PSYoungGen      total 194048K, used 0K [0x00000000e0000000, 0x00000000f4000000, 0x0000000100000000)
  eden space 135680K, 0% used [0x00000000e0000000,0x00000000e0000000,0x00000000e8480000)
  from space 58368K, 0% used [0x00000000ece00000,0x00000000ece00000,0x00000000f0700000)
  to   space 75264K, 0% used [0x00000000e8480000,0x00000000e8480000,0x00000000ece00000)
 ParOldGen       total 238592K, used 91290K [0x00000000a0000000, 0x00000000ae900000, 0x00000000e0000000)
  object space 238592K, 38% used [0x00000000a0000000,0x00000000a5926b58,0x00000000ae900000)
 Metaspace       used 91320K, capacity 96118K, committed 96856K, reserved 1132544K
  class space    used 11840K, capacity 12726K, committed 12888K, reserved 1048576K
}

Deoptimization events (10 events):
Event: 2705.809 Thread 0x000000001a519000 Uncommon trap: reason=predicate action=maybe_recompile pc=0x0000000005c99dbc method=java.util.ComparableTimSort.mergeLo(IIII)V @ 147
Event: 2705.809 Thread 0x000000001a519000 Uncommon trap: reason=predicate action=maybe_recompile pc=0x0000000005ca0660 method=java.util.ComparableTimSort.mergeHi(IIII)V @ 185
Event: 2705.848 Thread 0x000000001a519000 Uncommon trap: reason=array_check action=maybe_recompile pc=0x0000000003be96ac method=java.util.ComparableTimSort.mergeLo(IIII)V @ 587
Event: 2706.025 Thread 0x000000001a519000 Uncommon trap: reason=null_check action=make_not_entrant pc=0x0000000004fb0a80 method=com.sun.tools.javac.util.UnsharedNameTable.fromUtf([BII)Lcom/sun/tools/javac/util/Name; @ 50
Event: 2706.078 Thread 0x000000001a519000 Uncommon trap: reason=null_check action=make_not_entrant pc=0x0000000004fac91c method=com.sun.tools.javac.util.UnsharedNameTable.fromUtf([BII)Lcom/sun/tools/javac/util/Name; @ 50
Event: 2707.144 Thread 0x000000001cdc3800 Uncommon trap: reason=unstable_if action=reinterpret pc=0x000000000526986c method=java.util.HashMap.getNode(ILjava/lang/Object;)Ljava/util/HashMap$Node; @ 84
Event: 2711.210 Thread 0x000000001a51b800 Uncommon trap: reason=unstable_if action=reinterpret pc=0x0000000003a05d38 method=java.lang.ref.SoftReference.get()Ljava/lang/Object; @ 6
Event: 2711.282 Thread 0x000000001a6ec000 Uncommon trap: reason=class_check action=maybe_recompile pc=0x000000000316dbc0 method=java.lang.Throwable.<init>(Ljava/lang/String;Ljava/lang/Throwable;)V @ 24
Event: 2711.283 Thread 0x000000001a6ec000 Uncommon trap: reason=unstable_if action=reinterpret pc=0x0000000003a03038 method=java.lang.ref.SoftReference.get()Ljava/lang/Object; @ 6
Event: 2711.285 Thread 0x000000001a6ec000 Uncommon trap: reason=class_check action=maybe_recompile pc=0x000000000316dbc0 method=java.lang.Throwable.<init>(Ljava/lang/String;Ljava/lang/Throwable;)V @ 24

Classes redefined (0 events):
No events

Internal exceptions (10 events):
Event: 2706.382 Thread 0x000000001cdc3000 Exception <a 'sun/nio/fs/WindowsException'> (0x00000000e10bf2b0) thrown at [D:\src\AOSP-openjdk-cygwin\jdk8u\hotspot\src\share\vm\prims\jni.cpp, line 710]
Event: 2706.439 Thread 0x000000001cdc3000 Exception <a 'sun/nio/fs/WindowsException'> (0x00000000e1292c68) thrown at [D:\src\AOSP-openjdk-cygwin\jdk8u\hotspot\src\share\vm\prims\jni.cpp, line 710]
Event: 2706.632 Thread 0x000000001cdc3800 Exception <a 'sun/nio/fs/WindowsException'> (0x00000000e19017d0) thrown at [D:\src\AOSP-openjdk-cygwin\jdk8u\hotspot\src\share\vm\prims\jni.cpp, line 710]
Event: 2710.860 Thread 0x000000001cdc0800 Exception <a 'sun/nio/fs/WindowsException'> (0x00000000e1fa28f0) thrown at [D:\src\AOSP-openjdk-cygwin\jdk8u\hotspot\src\share\vm\prims\jni.cpp, line 710]
Event: 2711.208 Thread 0x000000001cdc0800 Exception <a 'java/lang/OutOfMemoryError'> (0x00000000e2a2ed00) thrown at [D:\src\AOSP-openjdk-cygwin\jdk8u\hotspot\src\share\vm\prims\unsafe.cpp, line 618]
Event: 2711.208 Thread 0x000000001cdc6000 Exception <a 'java/lang/OutOfMemoryError'> (0x00000000e2234308) thrown at [D:\src\AOSP-openjdk-cygwin\jdk8u\hotspot\src\share\vm\prims\unsafe.cpp, line 618]
Event: 2711.210 Thread 0x000000001a51b800 Implicit null exception at 0x0000000003a0463f to 0x0000000003a05d21
Event: 2711.210 Thread 0x000000001cdc8000 Exception <a 'java/lang/OutOfMemoryError'> (0x00000000e2a4ff10) thrown at [D:\src\AOSP-openjdk-cygwin\jdk8u\hotspot\src\share\vm\prims\unsafe.cpp, line 618]
Event: 2711.282 Thread 0x000000001a6ec000 Implicit null exception at 0x0000000003a0193f to 0x0000000003a03021
Event: 2711.285 Thread 0x000000001a6ec000 Exception <a 'java/lang/reflect/InvocationTargetException'> (0x00000000e2aa1338) thrown at [D:\src\AOSP-openjdk-cygwin\jdk8u\hotspot\src\share\vm\runtime\reflection.cpp, line 1092]

Events (10 events):
Event: 2711.283 Thread 0x000000001a6ec000 DEOPT UNPACKING pc=0x0000000002b3557b sp=0x000000001bdd6b90 mode 2
Event: 2711.284 loading class org/gradle/tooling/BuildException
Event: 2711.284 loading class org/gradle/tooling/BuildException done
Event: 2711.284 loading class org/gradle/tooling/BuildException
Event: 2711.284 loading class org/gradle/tooling/BuildException done
Event: 2711.285 loading class org/gradle/tooling/GradleConnectionException
Event: 2711.285 loading class org/gradle/tooling/GradleConnectionException done
Event: 2711.285 Thread 0x000000001a6ec000 Uncommon trap: trap_request=0xffffffde fr.pc=0x000000000316dbc0
Event: 2711.285 Thread 0x000000001a6ec000 DEOPT PACKING pc=0x000000000316dbc0 sp=0x000000001bdd8db0
Event: 2711.285 Thread 0x000000001a6ec000 DEOPT UNPACKING pc=0x0000000002b3557b sp=0x000000001bdd8d80 mode 2


Dynamic libraries:
0x00007ff6783b0000 - 0x00007ff6783e1000 	C:\Program Files\Android\Android Studio\jre\bin\java.exe
0x00007ffa70840000 - 0x00007ffa70a30000 	C:\WINDOWS\SYSTEM32\ntdll.dll
0x00007ffa70340000 - 0x00007ffa703f2000 	C:\WINDOWS\System32\KERNEL32.DLL
0x00007ffa6daa0000 - 0x00007ffa6dd44000 	C:\WINDOWS\System32\KERNELBASE.dll
0x00007ffa70290000 - 0x00007ffa70333000 	C:\WINDOWS\System32\ADVAPI32.dll
0x00007ffa6ee90000 - 0x00007ffa6ef2e000 	C:\WINDOWS\System32\msvcrt.dll
0x00007ffa6e980000 - 0x00007ffa6ea17000 	C:\WINDOWS\System32\sechost.dll
0x00007ffa706e0000 - 0x00007ffa70800000 	C:\WINDOWS\System32\RPCRT4.dll
0x00007ffa6fd10000 - 0x00007ffa6fea4000 	C:\WINDOWS\System32\USER32.dll
0x00007ffa6e670000 - 0x00007ffa6e691000 	C:\WINDOWS\System32\win32u.dll
0x00007ffa6f4f0000 - 0x00007ffa6f516000 	C:\WINDOWS\System32\GDI32.dll
0x00007ffa6e750000 - 0x00007ffa6e8e4000 	C:\WINDOWS\System32\gdi32full.dll
0x00007ffa6e4d0000 - 0x00007ffa6e56e000 	C:\WINDOWS\System32\msvcp_win.dll
0x00007ffa6e570000 - 0x00007ffa6e66a000 	C:\WINDOWS\System32\ucrtbase.dll
0x00007ffa58de0000 - 0x00007ffa59064000 	C:\WINDOWS\WinSxS\amd64_microsoft.windows.common-controls_6595b64144ccf1df_6.0.18362.815_none_e6c3b941130ffef4\COMCTL32.dll
0x00007ffa6f1a0000 - 0x00007ffa6f4d6000 	C:\WINDOWS\System32\combase.dll
0x00007ffa6da20000 - 0x00007ffa6daa0000 	C:\WINDOWS\System32\bcryptPrimitives.dll
0x00007ffa70010000 - 0x00007ffa7003e000 	C:\WINDOWS\System32\IMM32.DLL
0x0000000075cd0000 - 0x0000000075da2000 	C:\Program Files\Android\Android Studio\jre\jre\bin\msvcr100.dll
0x0000000074580000 - 0x0000000074dc6000 	C:\Program Files\Android\Android Studio\jre\jre\bin\server\jvm.dll
0x00007ffa6e8f0000 - 0x00007ffa6e8f8000 	C:\WINDOWS\System32\PSAPI.DLL
0x00007ffa6b2d0000 - 0x00007ffa6b2f4000 	C:\WINDOWS\SYSTEM32\WINMM.dll
0x00007ffa5bec0000 - 0x00007ffa5bec9000 	C:\WINDOWS\SYSTEM32\WSOCK32.dll
0x00007ffa68610000 - 0x00007ffa6861a000 	C:\WINDOWS\SYSTEM32\VERSION.dll
0x00007ffa70670000 - 0x00007ffa706df000 	C:\WINDOWS\System32\WS2_32.dll
0x00007ffa6b2a0000 - 0x00007ffa6b2cd000 	C:\WINDOWS\SYSTEM32\WINMMBASE.dll
0x00007ffa6e700000 - 0x00007ffa6e74a000 	C:\WINDOWS\System32\cfgmgr32.dll
0x00007ffa6acf0000 - 0x00007ffa6acff000 	C:\Program Files\Android\Android Studio\jre\jre\bin\verify.dll
0x00007ffa65df0000 - 0x00007ffa65e19000 	C:\Program Files\Android\Android Studio\jre\jre\bin\java.dll
0x00007ffa6acd0000 - 0x00007ffa6ace6000 	C:\Program Files\Android\Android Studio\jre\jre\bin\zip.dll
0x00007ffa6f600000 - 0x00007ffa6fce4000 	C:\WINDOWS\System32\SHELL32.dll
0x00007ffa6f0f0000 - 0x00007ffa6f199000 	C:\WINDOWS\System32\shcore.dll
0x00007ffa6dd50000 - 0x00007ffa6e4cd000 	C:\WINDOWS\System32\windows.storage.dll
0x00007ffa6d7a0000 - 0x00007ffa6d7c3000 	C:\WINDOWS\System32\profapi.dll
0x00007ffa6d710000 - 0x00007ffa6d75a000 	C:\WINDOWS\System32\powrprof.dll
0x00007ffa6d700000 - 0x00007ffa6d710000 	C:\WINDOWS\System32\UMPDC.dll
0x00007ffa70400000 - 0x00007ffa70452000 	C:\WINDOWS\System32\shlwapi.dll
0x00007ffa6d780000 - 0x00007ffa6d791000 	C:\WINDOWS\System32\kernel.appcore.dll
0x00007ffa6d7d0000 - 0x00007ffa6d7e7000 	C:\WINDOWS\System32\cryptsp.dll
0x00007ffa67550000 - 0x00007ffa6756a000 	C:\Program Files\Android\Android Studio\jre\jre\bin\net.dll
0x00007ffa61e30000 - 0x00007ffa62006000 	C:\WINDOWS\SYSTEM32\urlmon.dll
0x00007ffa60fe0000 - 0x00007ffa61286000 	C:\WINDOWS\SYSTEM32\iertutil.dll
0x00007ffa6d140000 - 0x00007ffa6d14c000 	C:\WINDOWS\SYSTEM32\CRYPTBASE.DLL
0x00007ffa6cf70000 - 0x00007ffa6cfd7000 	C:\WINDOWS\system32\mswsock.dll
0x00007ffa663b0000 - 0x00007ffa663c3000 	C:\Program Files\Android\Android Studio\jre\jre\bin\nio.dll
0x00007ffa5d4c0000 - 0x00007ffa5d4e6000 	C:\Users\Niyati Patel\.gradle\native\30\windows-amd64\native-platform.dll
0x00007ffa68e50000 - 0x00007ffa68e5d000 	C:\Program Files\Android\Android Studio\jre\jre\bin\management.dll
0x00007ffa6cae0000 - 0x00007ffa6cb13000 	C:\WINDOWS\system32\rsaenh.dll
0x00007ffa6d7f0000 - 0x00007ffa6d816000 	C:\WINDOWS\System32\bcrypt.dll
0x00007ffa6d620000 - 0x00007ffa6d645000 	C:\WINDOWS\SYSTEM32\USERENV.dll
0x00007ffa6cc80000 - 0x00007ffa6ccba000 	C:\WINDOWS\SYSTEM32\IPHLPAPI.DLL
0x00007ffa6f4e0000 - 0x00007ffa6f4e8000 	C:\WINDOWS\System32\NSI.dll
0x00007ffa61720000 - 0x00007ffa61736000 	C:\WINDOWS\SYSTEM32\dhcpcsvc6.DLL
0x00007ffa616e0000 - 0x00007ffa616fc000 	C:\WINDOWS\SYSTEM32\dhcpcsvc.DLL
0x00007ffa6cd20000 - 0x00007ffa6cdeb000 	C:\WINDOWS\SYSTEM32\DNSAPI.dll
0x00007ffa3ec80000 - 0x00007ffa3ee1c000 	C:\Program Files\Android\Android Studio\jre\jre\bin\awt.dll
0x00007ffa6ef30000 - 0x00007ffa6eff4000 	C:\WINDOWS\System32\OLEAUT32.dll
0x00007ffa6b7a0000 - 0x00007ffa6b7cd000 	C:\WINDOWS\SYSTEM32\dwmapi.dll
0x00007ffa69d90000 - 0x00007ffa6a350000 	C:\WINDOWS\SYSTEM32\d2d1.dll
0x00007ffa6b4f0000 - 0x00007ffa6b57f000 	C:\WINDOWS\SYSTEM32\apphelp.dll
0x00007ffa6b630000 - 0x00007ffa6b6c9000 	C:\WINDOWS\system32\uxtheme.dll

VM Arguments:
jvm_args: -Xmx1536m -Dfile.encoding=windows-1252 -Duser.country=US -Duser.language=en -Duser.variant 
java_command: org.gradle.launcher.daemon.bootstrap.GradleDaemon 5.6.4
java_class_path (initial): C:\Users\Niyati Patel\.gradle\wrapper\dists\gradle-5.6.4-all\ankdp27end7byghfw1q2sw75f\gradle-5.6.4\lib\gradle-launcher-5.6.4.jar
Launcher Type: SUN_STANDARD

Environment Variables:
PATH=C:\oraclexe\app\oracle\product\10.2.0\server\bin;C:\Program Files (x86)\Common Files\Oracle\Java\javapath;C:\Program Files (x86)\Java\jre1.8.0_111\bin;C:\Program Files\Java\jdk1.8.0_212\bin;C:\Program Files\Java\jdk-12.0.2\bin;;C:\WINDOWS\system32;C:\WINDOWS;C:\WINDOWS\System32\Wbem;C:\WINDOWS\System32\WindowsPowerShell\v1.0\;C:\WINDOWS\System32\OpenSSH\;C:\Users\Niyati Patel\AppData\Local\Programs\Python\Python38-32\Scripts\;C:\Users\Niyati Patel\AppData\Local\Programs\Python\Python38-32\;C:\Users\Niyati Patel\AppData\Local\Microsoft\WindowsApps;C:\Users\Niyati Patel\AppData\Local\Programs\Microsoft VS Code\bin;C:\src\flutter_windows_v1.12.13+hotfix.8-stable\flutter\bin;
USERNAME=Niyati Patel
OS=Windows_NT
PROCESSOR_IDENTIFIER=Intel64 Family 6 Model 142 Stepping 10, GenuineIntel



---------------  S Y S T E M  ---------------

OS: Windows 10.0 , 64 bit Build 18362 (10.0.18362.778)

CPU:total 4 (initial active 4) (2 cores per cpu, 2 threads per core) family 6 model 142 stepping 10, cmov, cx8, fxsr, mmx, sse, sse2, sse3, ssse3, sse4.1, sse4.2, popcnt, avx, avx2, aes, clmul, erms, 3dnowpref, lzcnt, ht, tsc, tscinvbit, bmi1, bmi2, adx

Memory: 4k page, physical 8303524k(1458620k free), swap 11282340k(8224k free)

vm_info: OpenJDK 64-Bit Server VM (25.212-b04) for windows-amd64 JRE (1.8.0_212-release-1586-b04), built by "builder" with MS VC++ 10.0 (VS2010)

time: Wed May 06 00:00:41 2020
timezone: India Standard Time
elapsed time: 2711 seconds (0d 0h 45m 11s)

